<?xml version="1.0" encoding="UTF-8"?>
<!-- Generated by org.testng.reporters.JUnitReportReporter -->
<testsuite hostname="LAPTOP-QED888LK" failures="0" tests="1" name="TestCases.GetTestAPI4" time="2.052" errors="0" timestamp="22 Jun 2022 18:33:26 GMT">
  <testcase classname="TestCases.GetTestAPI4" name="Test1" time="2.052"/>
</testsuite> <!-- TestCases.GetTestAPI4 -->
